<?xml version="1.0" encoding="UTF-8"?>
<testng-results ignored="0" total="1" passed="1" failed="0" skipped="0">
  <reporter-output>
  </reporter-output>
  <suite started-at="2022-05-28T20:22:30 IST" name="Default suite" finished-at="2022-05-28T20:22:41 IST" duration-ms="10286">
    <groups>
    </groups>
    <test started-at="2022-05-28T20:22:30 IST" name="Default test" finished-at="2022-05-28T20:22:41 IST" duration-ms="10286">
      <class name="com.crm.practice.Espn">
        <test-method signature="links()[pri:0, instance:com.crm.practice.Espn@15bbf42f]" started-at="2022-05-28T20:22:30 IST" name="links" finished-at="2022-05-28T20:22:41 IST" duration-ms="10251" status="PASS">
          <reporter-output>
          </reporter-output>
        </test-method> <!-- links -->
      </class> <!-- com.crm.practice.Espn -->
    </test> <!-- Default test -->
  </suite> <!-- Default suite -->
</testng-results>
