<?xml version="1.0" encoding="UTF-8"?>
<!-- Generated by org.testng.reporters.JUnitXMLReporter -->
<testsuite ignored="11" hostname="LAPTOP-S5GSA3HC" failures="0" tests="4" name="Test1" time="23.32" errors="0" timestamp="2022-04-29T11:23:22 IST">
  <testcase classname="com.crm.newpractice_test.Demo1test" name="m2" time="0.005"/>
  <testcase classname="com.crm.newpractice_test.Demo1test" name="m3" time="0.001"/>
  <testcase classname="com.crm.newpractice_test.Demo4test" name="d1" time="0.001"/>
  <testcase classname="com.crm.newpractice_test.Demo4test" name="d2" time="0.001"/>
  <testcase classname="com.crm.newpractice_test.Demo2test" name="c1" time="0.0">
    <ignored/>
  </testcase> <!-- c1 -->
  <testcase classname="com.crm.newpractice_test.Demo1test" name="m1" time="0.0">
    <ignored/>
  </testcase> <!-- m1 -->
  <testcase classname="com.crm.newpractice_test.Demo4test" name="d3" time="0.0">
    <ignored/>
  </testcase> <!-- d3 -->
  <testcase classname="com.crm.newpractice_test.Demo2test" name="c3" time="0.0">
    <ignored/>
  </testcase> <!-- c3 -->
  <testcase classname="com.crm.newpractice_test.Demo2test" name="c2" time="0.0">
    <ignored/>
  </testcase> <!-- c2 -->
  <testcase classname="com.crm.autodesk.genricutility.BaseClass" name="@AfterTest at" time="0.0">
    <ignored/>
  </testcase> <!-- @AfterTest at -->
  <testcase classname="com.crm.autodesk.genricutility.BaseClass" name="@AfterTest at" time="0.0">
    <ignored/>
  </testcase> <!-- @AfterTest at -->
  <testcase classname="com.crm.autodesk.genricutility.BaseClass" name="@AfterSuite as" time="0.0">
    <ignored/>
  </testcase> <!-- @AfterSuite as -->
  <testcase classname="com.crm.autodesk.genricutility.BaseClass" name="@AfterSuite as" time="0.0">
    <ignored/>
  </testcase> <!-- @AfterSuite as -->
  <testcase classname="com.crm.autodesk.genricutility.BaseClass" name="@BeforeSuite bs" time="0.0">
    <ignored/>
  </testcase> <!-- @BeforeSuite bs -->
  <testcase classname="com.crm.autodesk.genricutility.BaseClass" name="@BeforeSuite bs" time="0.0">
    <ignored/>
  </testcase> <!-- @BeforeSuite bs -->
</testsuite> <!-- Test1 -->
